Method 'SystemVoidCosmosSystemKernelStart', ID = '0'
Method 'SystemVoidSystemNotSupportedExceptionctorSystemString', ID = '2'
Method 'SystemBytearraySystemBitConverterGetBytesSystemDouble', ID = '8'
Method 'SystemInt64SystemBitConverterToInt64SystemBytearraySystemInt32', ID = '9'
Method 'SystemInt32CosmosIL2CPUX86PlugsCustomImplementationsSystemArrayImplGetLengthSystemInt32', ID = '27'
Method 'SystemBooleanCosmosIL2CPUX86PlugsCustomImplementationsSystemArrayImplTrySZIndexOfSystemUInt32SystemUInt32SystemUInt32SystemUInt32SystemUInt32', ID = '30'
Method 'SystemVoidSystemNotImplementedExceptionctorSystemString', ID = '33'
Method 'SystemVoidSystemArgumentOutOfRangeExceptionctorSystemString', ID = '44'
Method 'SystemDoubleCosmosSystemPlugsSystemMathImplAsinSystemDouble', ID = '45'
Method 'SystemDoubleCosmosSystemPlugsSystemMathImplSqrtSystemDouble', ID = '46'
Method 'SystemDoubleCosmosSystemPlugsSystemMathImplAtanSystemDouble', ID = '47'
Method 'SystemDoubleCosmosSystemPlugsSystemMathImplatansSystemDouble', ID = '48'
Method 'SystemDoubleCosmosSystemPlugsSystemMathImplExpSystemDouble', ID = '49'
Method 'SystemDoubleCosmosSystemPlugsSystemMathImpl_powerSystemDoubleSystemInt32', ID = '50'
Method 'SystemDoubleCosmosSystemPlugsSystemMathImplLogSystemDoubleSystemDouble', ID = '51'
Method 'SystemVoidSystemArgumentExceptionctor', ID = '52'
Method 'SystemDoubleCosmosSystemPlugsSystemMathImplFloorSystemDouble', ID = '53'
Method 'SystemDoubleCosmosSystemPlugsSystemMathImplLogSystemDouble', ID = '54'
Method 'SystemDoubleCosmosSystemPlugsSystemMathImplCosSystemDouble', ID = '57'
Method 'SystemDoubleCosmosSystemPlugsSystemMathImplTanhSystemDouble', ID = '58'
Method 'SystemDoubleCosmosSystemPlugsSystemMathImplexpm1SystemDouble', ID = '59'
Method 'SystemDoubleCosmosSystemPlugsSystemMathImplCeilingSystemDouble', ID = '60'
Method 'SystemVoidSystemNotImplementedExceptionctor', ID = '70'
Method 'SystemStringCosmosIL2CPUCustomImplementationSystemStringImplConcatSystemStringarray', ID = '71'
Method 'SystemStringCosmosIL2CPUCustomImplementationSystemStringImplConcatSystemStringSystemString', ID = '72'
Method 'SystemStringCosmosIL2CPUCustomImplementationSystemStringImplConcatSystemStringSystemStringSystemString', ID = '73'
Method 'SystemStringCosmosIL2CPUCustomImplementationSystemStringImplConcatSystemObjectarray', ID = '74'
Method 'SystemStringCosmosIL2CPUCustomImplementationSystemStringImplConcatArraySystemStringarraySystemInt32', ID = '76'
Method 'SystemInt32CosmosIL2CPUCustomImplementationSystemStringImplboyerMooreHorsepoolSystemStringSystemString', ID = '77'
Method 'SystemBooleanCosmosCorePlugsStringImplEndsWithSystemStringSystemStringComparison', ID = '81'
Method 'SystemVoidSystemArgumentNullExceptionctorSystemString', ID = '82'
Method 'SystemBooleanSystemStringop_EqualitySystemStringSystemString', ID = '83'
Method 'SystemStringSystemStringToLower', ID = '84'
Method 'SystemBooleanCosmosCorePlugsStringImplEqualsHelperSystemStringSystemString', ID = '85'
Method 'SystemInt32CosmosCorePlugsStringImplIndexOfSystemCharSystemInt32SystemInt32', ID = '88'
Method 'SystemInt32CosmosCorePlugsStringImplLastIndexOfAnySystemChararraySystemInt32SystemInt32', ID = '91'
Method 'SystemBooleanCosmosCorePlugsStringImplCharArrayContainsCharSystemChararraySystemChar', ID = '92'
Method 'SystemBooleanCosmosCorePlugsStringImplStartsWithSystemStringSystemBooleanSystemGlobalizationCultureInfo', ID = '94'
Method 'SystemStringCosmosCorePlugsStringImplChangeCasingSystemStringSystemInt32SystemInt32SystemInt32', ID = '97'
Method 'SystemStringCosmosIL2CPUILCustomImplementationsSystemUInt32Impl2GetNumberStringSystemUInt32SystemBoolean', ID = '99'
Method 'SystemStringCosmosIL2CPUILCustomImplementationsSystemEnvironmentImplGetResourceFromDefaultSystemString', ID = '100'
Method 'SystemStringCosmosIL2CPUILCustomImplementationsSystemInt32Impl2GetNumberStringSystemInt32', ID = '102'
Method 'SystemInt32SystemStringIndexOfSystemChar', ID = '105'
Method 'SystemVoidSystemFormatExceptionctor', ID = '108'
Method 'SystemStringCosmosIL2CPUILCustomImplementationsSystemInt64Impl2GetNumberStringSystemInt64', ID = '110'
Method 'SystemBytearraySystemBitConverterGetBytesSystemSingle', ID = '117'
Method 'SystemInt32SystemBitConverterToInt32SystemBytearraySystemInt32', ID = '118'
Method 'SystemStringCosmosIL2CPUILCustomImplementationsSystemUInt64Impl2GetNumberStringSystemUInt64SystemBoolean', ID = '122'
Method 'SystemUInt32CosmosCoreHeapMemAllocSystemUInt32', ID = '132'
Method 'SystemBooleanCosmosSystemFileSystemVFSVFSManagerDirectoryExistsSystemString', ID = '139'
Method 'SystemBooleanCosmosSystemFileSystemVFSVFSManagerFileExistsSystemString', ID = '146'
Method 'SystemVoidCosmosSystemFileSystemFatHelpersDebugSystemString', ID = '147'
Method 'SystemVoidSystemIOStreamClose', ID = '151'
Method 'SystemStringCosmosCommonExtensionsByteConverterGetUtf8StringSystemBytearraySystemUInt32SystemUInt32', ID = '152'
Method 'SystemBytearrayCosmosCommonExtensionsByteConverterGetUtf8BytesSystemStringSystemUInt32SystemUInt32', ID = '153'
Method 'SystemIOStreamCosmosSystemFileSystemVFSVFSManagerGetFileStreamSystemString', ID = '161'
Method 'SystemVoidSystemIOStreamDispose', ID = '164'
Method 'SystemCharCosmosSystemFileSystemVFSVFSManagerGetAltDirectorySeparatorChar', ID = '172'
Method 'SystemCharCosmosSystemFileSystemVFSVFSManagerGetDirectorySeparatorChar', ID = '173'
Method 'SystemCharCosmosSystemFileSystemVFSVFSManagerGetVolumeSeparatorChar', ID = '174'
Method 'SystemVoidSentinelKernelSystemPlugsSystemIOPathImplCheckInvalidPathCharsSystemStringSystemBoolean', ID = '175'
Method 'SystemBooleanSentinelKernelSystemPlugsSystemIOPathImplHasIllegalCharactersSystemStringSystemBoolean', ID = '180'
Method 'SystemVoidSystemArgumentExceptionctorSystemString', ID = '181'
Method 'SystemInt32SystemStringIndexOfSystemStringSystemStringComparison', ID = '182'
Method 'SystemStringSentinelKernelSystemPlugsSystemIOPathImplCombineNoChecksSystemStringSystemString', ID = '183'
Method 'SystemStringSentinelKernelSystemPlugsSystemIOPathImplNormalizePathSystemStringSystemBoolean', ID = '185'
Method 'SystemInt32SentinelKernelSystemPlugsSystemIOPathImplGetRootLengthSystemString', ID = '186'
Method 'SystemInt32SystemStringLastIndexOfSystemChar', ID = '188'
Method 'SystemStringSentinelKernelSystemPlugsSystemIOPathImplGetFullPathInternalSystemString', ID = '189'
Method 'SystemChararrayCosmosSystemFileSystemVFSVFSManagerGetInvalidFileNameChars', ID = '190'
Method 'SystemChararrayCosmosSystemFileSystemVFSVFSManagerGetRealInvalidPathChars', ID = '191'
Method 'SystemBooleanSentinelKernelSystemPlugsSystemIOPathImplIsDirectorySeparatorSystemChar', ID = '193'
Method 'SystemChararrayCosmosSystemFileSystemVFSVFSManagerGetInvalidPathCharsWithAdditionalChecks', ID = '194'
Method 'SystemInt32SystemStringIndexOfAnySystemChararray', ID = '195'
Method 'SystemBooleanSentinelKernelSystemPlugsSystemIOPathImplIsRelativeSystemString', ID = '196'
Method 'SystemStringSystemStringTrimEndSystemChararray', ID = '198'
Method 'SystemDoubleCosmosSystemPlugsSystemRandomImplGetUniform', ID = '202'
Method 'CosmosSystemConsoleCosmosSystemPlugsSystemConsoleImplGetConsole', ID = '206'
Method 'SystemVoidCosmosSystemConsoleset_BackgroundSystemConsoleColor', ID = '207'
Method 'SystemVoidCosmosSystemPlugsSystemConsoleImplWriteLineSystemString', ID = '208'
Method 'SystemInt32CosmosSystemConsoleget_X', ID = '209'
Method 'SystemVoidCosmosSystemConsoleset_XSystemInt32', ID = '210'
Method 'SystemInt32CosmosSystemConsoleget_Y', ID = '211'
Method 'SystemVoidCosmosSystemConsoleset_YSystemInt32', ID = '212'
Method 'SystemVoidCosmosSystemConsoleset_ForegroundSystemConsoleColor', ID = '214'
Method 'SystemInt32CosmosSystemConsoleget_Rows', ID = '216'
Method 'SystemInt32CosmosSystemConsoleget_Cols', ID = '217'
Method 'SystemVoidCosmosSystemConsoleClear', ID = '218'
Method 'SystemBooleanCosmosHALKeyboardTryReadKeyCosmosHALKeyEvent', ID = '221'
Method 'SystemCharCosmosHALKeyEventget_KeyChar', ID = '222'
Method 'CosmosHALKeyEventCosmosHALKeyboardReadKey', ID = '224'
Method 'SystemVoidCosmosSystemPlugsSystemConsoleImplWriteSystemChar', ID = '225'
Method 'SystemVoidSystemCollectionsGenericList1SystemCharctorSystemInt32', ID = '226'
Method 'CosmosHALConsoleKeyExCosmosHALKeyEventget_Key', ID = '227'
Method 'SystemVoidSystemCollectionsGenericList1SystemCharRemoveAtSystemInt32', ID = '228'
Method 'SystemCharSystemCollectionsGenericList1SystemCharget_ItemSystemInt32', ID = '229'
Method 'SystemInt32SystemCollectionsGenericList1SystemCharget_Count', ID = '230'
Method 'SystemVoidSystemCollectionsGenericList1SystemCharAddSystemChar', ID = '231'
Method 'SystemVoidSystemCollectionsGenericList1SystemCharctor', ID = '232'
Method 'SystemVoidCosmosSystemPlugsSystemConsoleImplWriteLine', ID = '233'
Method 'SystemChararraySystemCollectionsGenericList1SystemCharToArray', ID = '234'
Method 'SystemStringSystemBooleanToString', ID = '235'
Method 'SystemVoidCosmosSystemPlugsSystemConsoleImplWriteSystemString', ID = '236'
Method 'SystemVoidCosmosSystemConsoleWriteCharSystemChar', ID = '237'
Method 'SystemVoidCosmosSystemPlugsSystemConsoleImplWriteSystemChararraySystemInt32SystemInt32', ID = '238'
Method 'SystemVoidCosmosSystemConsoleWriteSystemString', ID = '242'
Method 'SystemVoidCosmosSystemConsoleNewLine', ID = '243'
Method 'SystemVoidCosmosIL2CPURuntimeEngineInitializeApplication', ID = '246'
Method 'SystemVoidCosmosIL2CPURuntimeEngineFinalizeApplicationSystemInt32', ID = '247'
Method 'SystemVoidCosmosIL2CPUVTablesImplSetMethodInfoSystemInt32SystemInt32SystemInt32SystemInt32SystemChararray', ID = '248'
Method 'SystemBooleanCosmosIL2CPUVTablesImplIsInstanceSystemUInt32SystemUInt32', ID = '249'
Method 'SystemVoidCosmosIL2CPUVTablesImplSetTypeInfoSystemInt32SystemUInt32SystemInt32arraySystemInt32arraySystemInt32', ID = '250'
Method 'SystemInt32CosmosIL2CPUVTablesImplGetMethodAddressForTypeSystemUInt32SystemUInt32', ID = '251'
Method 'SystemVoidCosmosIL2CPUExceptionHelperThrowNotImplementedSystemString', ID = '254'
Method 'SystemVoidCosmosIL2CPUExceptionHelperThrowOverflow', ID = '255'
Method 'SystemVoidSystemArrayctor', ID = '256'
Method 'SystemVoidSystemThrowHelperThrowInvalidOperationExceptionSystemExceptionResource', ID = '257'
Method 'SystemDelegatearraySystemMulticastDelegateGetInvocationList', ID = '258'
Method 'SystemVoidMicrOSMicrOSctor', ID = '260'
Method 'SystemVoidCosmosDebugKernelDebuggerSendSystemString', ID = '264'
Method 'SystemVoidCosmosHALBootstrapInit', ID = '265'
Method 'CosmosHALTextScreenBaseCosmosSystemKernelGetTextScreen', ID = '266'
Method 'CosmosHALKeyboardCosmosSystemKernelGetKeyboard', ID = '267'
Method 'SystemVoidCosmosSystemGlobalInitCosmosHALTextScreenBaseCosmosHALKeyboard', ID = '268'
Method 'SystemVoidCosmosSystemKernelBeforeRun', ID = '269'
Method 'SystemVoidCosmosHALGlobalEnableInterrupts', ID = '270'
Method 'SystemVoidCosmosSystemKernelAfterRun', ID = '272'
Method 'SystemVoidSystemSystemExceptionctorSystemString', ID = '275'
Method 'SystemVoidSystemExceptionSetErrorCodeSystemInt32', ID = '276'
Method 'SystemBytearraySystemBitConverterGetBytesSystemInt64', ID = '279'
Method 'SystemVoidSystemThrowHelperThrowArgumentNullExceptionSystemExceptionArgument', ID = '280'
Method 'SystemVoidSystemThrowHelperThrowArgumentOutOfRangeExceptionSystemExceptionArgumentSystemExceptionResource', ID = '281'
Method 'SystemVoidSystemThrowHelperThrowArgumentExceptionSystemExceptionResource', ID = '282'
Method 'SystemStringSystemStringToString', ID = '285'
Method 'SystemStringSystemValueTypeToString', ID = '286'
Method 'SystemStringSystemGlobalizationCultureInfoToString', ID = '289'
Method 'SystemStringSystemIODirectoryInfoToString', ID = '297'
Method 'SystemStringSystemIODriveInfoToString', ID = '298'
Method 'SystemStringCosmosIL2CPUILCustomImplementationsSystemUInt64ImplToString', ID = '300'
Method 'SystemInt32CosmosIL2CPUX86PlugsCustomImplementationsMSSystemStringImplget_LengthSystemInt32', ID = '301'
Method 'SystemStringCosmosIL2CPUILCustomImplementationsSystemObjectImplToString', ID = '303'
Method 'SystemCharCosmosIL2CPUX86PlugsCustomImplementationsMSSystemStringImplget_CharsSystemInt32', ID = '304'
Method 'SystemChararrayCosmosIL2CPUCustomImplementationSystemStringImplToCharArray', ID = '305'
Method 'SystemVoidCosmosIL2CPUX86PlugsCustomImplementationsMSSystemStringImplCtorSystemChararraySystemInt32SystemChar', ID = '306'
Method 'SystemStringCosmosIL2CPUCustomImplementationSystemStringImplSubstringSystemInt32SystemInt32', ID = '307'
Method 'SystemUInt32CosmosCorePlugsGCImplementionImplAllocNewObjectSystemUInt32', ID = '309'
Method 'SystemVoidSystemBooleancctor', ID = '310'
Method 'SystemInt32CosmosIL2CPUX86PlugsCustomImplementationsSystemArrayImplget_Length', ID = '312'
Method 'SystemVoidCosmosIL2CPUX86PlugsCustomImplementationsSystemBufferBlockCopySystemArraySystemInt32SystemArraySystemInt32SystemInt32', ID = '315'
Method 'SystemVoidSystemExceptioncctor', ID = '317'
Method 'SystemStringCosmosIL2CPUX86PlugsCustomImplementationsSystemExceptionImplget_MessageSystemString', ID = '318'
Method 'SystemStringSystemArgumentOutOfRangeExceptionget_RangeMessage', ID = '321'
Method 'SystemVoidSystemArgumentExceptionctorSystemStringSystemString', ID = '322'
Method 'SystemDoubleCosmosSystemPlugsSystemMathImplatanxSystemDouble', ID = '324'
Method 'SystemStringCosmosIL2CPUILCustomImplementationsSystemInt32ImplToString', ID = '328'
Method 'SystemInt32arrayCosmosIL2CPUCustomImplementationSystemStringImplBuildBadCharTableSystemChararray', ID = '331'
Method 'SystemInt32CosmosCorePlugsStringImplIndexOfSystemString', ID = '332'
Method 'SystemBooleanSystemStringEqualsSystemStringSystemString', ID = '336'
Method 'SystemInt32CosmosIL2CPUCustomImplementationSystemStringImplCompareToSystemString', ID = '339'
Method 'SystemInt32CosmosIL2CPUCustomImplementationSystemStringImplIndexOfSystemStringSystemInt32SystemInt32SystemStringComparison', ID = '340'
Method 'SystemStringCosmosIL2CPUCustomImplementationSystemStringImplSubstringSystemInt32', ID = '341'
Method 'SystemStringCosmosSystemPlugsSystemCharImplToString', ID = '342'
Method 'SystemStringCosmosCorePlugsStringImplRemoveSystemInt32SystemInt32', ID = '343'
Method 'SystemStringCosmosCorePlugsStringImplInsertSystemInt32SystemString', ID = '344'
Method 'SystemVoidCosmosDebugKernelPlugsDebuggerDoSendSystemString', ID = '352'
Method 'SystemBytearraySystemBitConverterGetBytesSystemInt32', ID = '355'
Method 'SystemStringCosmosIL2CPUILCustomImplementationsSystemUInt32ImplToString', ID = '356'
Method 'SystemVoidCosmosIL2CPUX86PlugsCustomImplementationsSystemExceptionImplCtorSystemStringSystemString', ID = '359'
Method 'SystemVoidCosmosCoreHeapDebugAndHaltSystemString', ID = '361'
Method 'SystemBooleanCosmosCoreCPUDisableInterrupts', ID = '362'
Method 'SystemVoidCosmosCoreHeapEnsureIsInitialized', ID = '363'
Method 'CosmosCoreGlobalInformationTableCosmosCoreGlobalSystemInfoget_GlobalInformationTable', ID = '364'
Method 'SystemVoidCosmosCoreHeapDebugHexSystemStringSystemUInt32', ID = '366'
Method 'SystemBooleanCosmosCoreHeapScanDataLookupTableSystemUInt32CosmosCoreDataLookupTableSystemUInt32SystemUInt32', ID = '367'
Method 'SystemVoidCosmosCoreHeapDebugSystemString', ID = '370'
Method 'CosmosCoreDataLookupEntryCosmosCoreDataLookupTableGetEntrySystemInt32', ID = '371'
Method 'SystemUInt32CosmosCoreGlobalSystemInfoget_TotalDataLookupTableSize', ID = '373'
Method 'SystemVoidCosmosCoreHeapClearMemorySystemVoidSystemUInt32', ID = '374'
Method 'SystemVoidCosmosCoreCPUEnableInterrupts', ID = '375'
Method 'SystemVoidSentinelKernelSystemPlugsSystemIODirectoryImplcctor', ID = '376'
Method 'CosmosSystemFileSystemListingDirectoryCosmosSystemFileSystemVFSVFSManagerTryGetDirectorySystemString', ID = '378'
Method 'CosmosSystemFileSystemListingFileCosmosSystemFileSystemVFSVFSManagerTryGetFileSystemString', ID = '379'
Method 'SystemVoidSentinelKernelSystemPlugsSystemIOFileStreamImplCtorSystemStringSystemIOFileModeSystemIOStream', ID = '382'
Method 'SystemVoidSystemIOStreamDisposeSystemBoolean', ID = '386'
Method 'SystemVoidSystemGCSuppressFinalizeSystemObject', ID = '387'
Method 'SystemBooleanSentinelKernelSystemPlugsSystemIOPathImplIsPathRootedSystemString', ID = '400'
Method 'SystemStringSentinelKernelSystemPlugsSystemIOPathImplGetFileNameSystemString', ID = '401'
Method 'SystemVoidCosmosIL2CPUX86PlugsCustomImplementationsSystemRuntimeCompilerServicesRuntimeHelpersImplInitializeArraySystemArraySystemRuntimeFieldHandle', ID = '405'
Method 'SystemStringCosmosIL2CPUCustomImplementationSystemStringImplConcatSystemObjectSystemObject', ID = '407'
Method 'SystemStringSentinelKernelSystemPlugsSystemIODirectoryImplGetCurrentDirectory', ID = '411'
Method 'SystemStringSystemStringTrimHelperSystemInt32', ID = '412'
Method 'SystemStringSystemStringTrimHelperSystemChararraySystemInt32', ID = '413'
Method 'SystemByteCosmosHALRTCget_Second', ID = '415'
Method 'SystemVoidCosmosSystemPlugsSystemConsoleImplcctor', ID = '416'
Method 'SystemConsoleColorCosmosSystemConsoleget_Foreground', ID = '420'
Method 'SystemVoidCosmosSystemConsoleUpdateCursor', ID = '422'
Method 'SystemConsoleColorCosmosSystemConsoleget_Background', ID = '423'
Method 'SystemVoidCosmosHALGlobalcctor', ID = '427'
Method 'SystemInt32SystemCollectionsGenericQueue1CosmosHALKeyEventget_Count', ID = '431'
Method 'CosmosHALKeyEventSystemCollectionsGenericQueue1CosmosHALKeyEventDequeue', ID = '432'
Method 'CosmosCoreCPUCosmosCoreGlobalget_CPU', ID = '433'
Method 'SystemVoidSystemThrowHelperThrowArgumentOutOfRangeException', ID = '438'
Method 'SystemVoidSystemArrayCopySystemArraySystemInt32SystemArraySystemInt32SystemInt32', ID = '439'
Method 'SystemVoidSystemCollectionsGenericList1SystemCharEnsureCapacitySystemInt32', ID = '440'
Method 'SystemStringCosmosIL2CPUILCustomImplementationsSystemDoubleImplToString', ID = '442'
Method 'SystemStringCosmosIL2CPUILCustomImplementationsSystemSingleImplToString', ID = '443'
Method 'SystemStringCosmosIL2CPUILCustomImplementationsSystemInt64ImplToString', ID = '444'
Method 'SystemVoidCosmosIL2CPUILCustomImplementationsSystemObjectImplCtor', ID = '446'
Method 'SystemVoidCosmosIL2CPURuntimeEngineInitializeEngine', ID = '448'
Method 'SystemVoidCosmosIL2CPURuntimeEngineHeap_Initialize', ID = '449'
Method 'SystemVoidCosmosIL2CPURuntimeEngineFinalizeEngine', ID = '450'
Method 'SystemVoidCosmosIL2CPURuntimeEngineExitProcessSystemInt32', ID = '451'
Method 'SystemVoidCosmosIL2CPUVTablesImplDebugSystemString', ID = '455'
Method 'SystemVoidCosmosIL2CPUVTablesImplDebugHexSystemStringSystemUInt32', ID = '456'
Method 'SystemVoidCosmosIL2CPUVTablesImplDebugAndHaltSystemString', ID = '457'
Method 'SystemVoidCosmosCorePlugsGCImplementionImplIncRefCountSystemUInt32', ID = '459'
Method 'SystemVoidCosmosCorePlugsGCImplementionImplDecRefCountSystemUInt32', ID = '460'
Method 'SystemVoidSystemOverflowExceptionctorSystemString', ID = '462'
Method 'SystemStringSystemThrowHelperGetResourceNameSystemExceptionResource', ID = '465'
Method 'SystemVoidSystemInvalidOperationExceptionctorSystemString', ID = '466'
Method 'SystemDelegatearraySystemDelegateGetInvocationList', ID = '468'
Method 'SystemInt32SystemIntPtrop_ExplicitSystemIntPtr', ID = '469'
Method 'SystemVoidCosmosSystemKernelctor', ID = '471'
Method 'SystemVoidCosmosSystemGlobalcctor', ID = '472'
Method 'SystemVoidCosmosCoreBootstrapInit', ID = '474'
Method 'SystemVoidCosmosSystemConsolectorCosmosHALTextScreenBase', ID = '476'
Method 'SystemVoidCosmosHALGlobalInitCosmosHALTextScreenBaseCosmosHALKeyboard', ID = '477'
Method 'SystemVoidCosmosSystemGlobalset_NumLockSystemBoolean', ID = '478'
Method 'SystemVoidCosmosSystemGlobalset_CapsLockSystemBoolean', ID = '479'
Method 'SystemVoidCosmosSystemGlobalset_ScrollLockSystemBoolean', ID = '480'
Method 'SystemVoidMicrOSMicrOSBeforeRun', ID = '481'
Method 'SystemVoidMicrOSMicrOSRun', ID = '482'
Method 'SystemVoidSystemExceptionset_HResultSystemInt32', ID = '483'
Method 'SystemVoidSystemBitConvertercctor', ID = '484'
Method 'SystemStringSystemThrowHelperGetArgumentNameSystemExceptionArgument', ID = '486'
Method 'SystemBooleanSystemCompatibilitySwitchesget_IsAppEarlierThanWindowsPhone8', ID = '487'
Method 'SystemVoidSystemArgumentOutOfRangeExceptionctorSystemStringSystemString', ID = '488'
Method 'SystemStringCosmosIL2CPUILCustomImplementationsSystemIntPtrImplToString', ID = '489'
Method 'SystemStringCosmosIL2CPUX86PlugsCustomImplementationsSystemExceptionImplToString', ID = '491'
Method 'SystemStringCosmosIL2CPUILCustomImplementationsSystemEnumImplToString', ID = '492'
Method 'SystemStringCosmosIL2CPUILCustomImplementationsSystemInt16ImplToString', ID = '493'
Method 'SystemStringCosmosSystemPlugsSystemTypeImplToString', ID = '494'
Method 'SystemStringCosmosIL2CPUILCustomImplementationsSystemNetIPAddressImplToString', ID = '495'
Method 'SystemStringCosmosIL2CPUILCustomImplementationsSystemNetSocketAddressImplToString', ID = '496'
Method 'SystemStringCosmosIL2CPUCustomImplementationSystemUIntPtrImplToString', ID = '497'
Method 'SystemStringCosmosIL2CPUILCustomImplementationsSystemUInt16ImplToString', ID = '498'
Method 'SystemStringCosmosIL2CPUILCustomImplementationsSystemByteImplToString', ID = '499'
Method 'SystemStringSystemIOFileSystemInfoget_DisplayPath', ID = '500'
Method 'SystemStringSystemIODriveInfoget_Name', ID = '501'
Method 'SystemStringSentinelKernelSystemPlugsSystemIOFileInfoImplToString', ID = '502'
Method 'SystemVoidCosmosSystemPlugsSystemCharImplCctor', ID = '505'
Method 'SystemVoidCosmosIL2CPUILCustomImplementationsSystemEnumImplCctor', ID = '511'
Method 'SystemVoidCosmosIL2CPUX86PlugsNEW_PLUGSDoubleImplCctor', ID = '514'
Method 'SystemStringSystemArgumentOutOfRangeExceptionget_Message', ID = '515'
Method 'SystemStringSystemArgumentExceptionget_Message', ID = '517'
Method 'SystemStringCosmosIL2CPUILCustomImplementationsSystemEnvironmentImplGetResourceStringSystemString', ID = '519'
Method 'SystemVoidSystemMathcctor', ID = '520'
Method 'SystemVoidSystemConsolecctor', ID = '522'
Method 'SystemVoidCosmosIL2CPUCustomImplementationSystemGlobalizationCultureInfoImplCCtor', ID = '523'
Method 'SystemGlobalizationCultureInfoCosmosIL2CPUCustomImplementationSystemGlobalizationCultureInfoImplget_CurrentCulture', ID = '525'
Method 'SystemStringCosmosCorePlugsStringImplToLowerSystemGlobalizationCultureInfo', ID = '526'
Method 'SystemVoidCosmosIL2CPUX86PlugsCustomImplementationsMSSystemStringImplCtorSystemChararraySystemInt32SystemInt32SystemInt32SystemChar', ID = '528'
Method 'SystemInt32CosmosIL2CPUCustomImplementationSystemStringImplIndexOfSystemCharSystemInt32SystemInt32', ID = '529'
Method 'SystemVoidCosmosSystemPlugsSystemTypeImplCCtor', ID = '531'
Method 'SystemVoidCosmosIL2CPUILCustomImplementationsSystemNetIPAddressImplCCtor', ID = '533'
Method 'SystemVoidCosmosCoreHeapcctor', ID = '534'
Method 'SystemVoidCosmosCoreHeapDoInitializeSystemUInt32', ID = '539'
Method 'SystemVoidCosmosCoreGlobalSystemInfoEnsureInitialized', ID = '542'
Method 'SystemUInt32CosmosCorePlugsCPUImplGetEndOfKernel', ID = '546'
Method 'SystemBooleanSystemStringIsNullOrEmptySystemString', ID = '551'
Method 'SystemCollectionsGenericList1CosmosSystemFileSystemListingBaseCosmosSystemFileSystemVFSVFSManagerGetDirectoryListingSystemString', ID = '553'
Method 'SystemInt32SystemCollectionsGenericList1CosmosSystemFileSystemListingBaseget_Count', ID = '554'
Method 'SystemVoidCosmosSystemFileSystemFatHelpersDebugNumberSystemUInt32', ID = '555'
Method 'CosmosSystemFileSystemListingBaseSystemCollectionsGenericList1CosmosSystemFileSystemListingBaseget_ItemSystemInt32', ID = '556'
Method 'SystemVoidCosmosSystemFileSystemFatHelperscctor', ID = '559'
Method 'SystemVoidSystemIOStreamcctor', ID = '561'
Method 'SystemInt64SentinelKernelSystemPlugsSystemIOFileStreamImplget_LengthSystemIOStream', ID = '562'
Method 'SystemInt32SentinelKernelSystemPlugsSystemIOFileStreamImplReadSystemBytearraySystemInt32SystemInt32SystemIOStream', ID = '563'
Method 'SystemVoidSentinelKernelSystemPlugsSystemIOFileStreamImplWriteSystemBytearraySystemInt32SystemInt32SystemIOStream', ID = '567'
Method 'SystemVoidSentinelKernelSystemPlugsSystemIOFileStreamImplSetLengthSystemInt64SystemIOStream', ID = '569'
Method 'SystemInt64SentinelKernelSystemPlugsSystemIOFileStreamImplSeekSystemIOStreamSystemInt64SystemIOSeekOrigin', ID = '570'
Method 'SystemVoidSentinelKernelSystemPlugsSystemIOFileStreamImplFlushSystemIOStream', ID = '571'
Method 'SystemInt64SentinelKernelSystemPlugsSystemIOFileStreamImplget_PositionSystemIOStream', ID = '572'
Method 'SystemVoidSentinelKernelSystemPlugsSystemIOFileStreamImplset_PositionSystemIOStreamSystemInt64', ID = '573'
Method 'SystemVoidSentinelKernelSystemPlugsSystemIOPathImplCctorSystemCharSystemCharSystemChar', ID = '574'
Method 'SystemInt32CosmosCorePlugsStringImplLastIndexOfSystemCharSystemInt32SystemInt32', ID = '575'
Method 'SystemInt32CosmosCorePlugsStringImplIndexOfAnySystemChararraySystemInt32SystemInt32', ID = '577'
Method 'SystemBooleanSystemStringIsBOMWhitespaceSystemChar', ID = '579'
Method 'SystemStringSystemStringCreateTrimmedStringSystemInt32SystemInt32', ID = '580'
Method 'SystemVoidCosmosHALRTCWaitForReady', ID = '582'
Method 'SystemVoidCosmosCoreIOPortset_ByteSystemByte', ID = '585'
Method 'SystemByteCosmosCoreIOPortget_Byte', ID = '587'
Method 'SystemByteCosmosHALRTCFromBCDSystemByte', ID = '588'
Method 'SystemVoidCosmosDebugKernelDebuggerctorSystemStringSystemString', ID = '591'
Method 'SystemVoidCosmosHALTextScreenctor', ID = '593'
Method 'SystemVoidCosmosCorePlugsCPUImplHalt', ID = '600'
Method 'SystemVoidSystemCollectionsGenericList1SystemCharcctor', ID = '601'
Method 'SystemVoidSystemCollectionsGenericList1SystemCharset_CapacitySystemInt32', ID = '603'
Method 'SystemVoidCosmosIL2CPURuntimeEnginecctor', ID = '607'
Method 'SystemVoidCosmosIL2CPUVTablesImplcctor', ID = '608'
Method 'SystemVoidCosmosDebugKernelPlugsDebuggerDoSendNumberSystemUInt32', ID = '610'
Method 'SystemVoidSystemArithmeticExceptionctorSystemString', ID = '612'
Method 'SystemVoidCosmosCoreINTsDummy', ID = '614'
Method 'SystemVoidCosmosCorePICctor', ID = '615'
Method 'SystemVoidCosmosHALPS2Keyboardctor', ID = '620'
Method 'SystemVoidCosmosCoreGlobalInit', ID = '621'
Method 'SystemVoidCosmosHALGlobalInitStaticDevices', ID = '622'
Method 'SystemVoidCosmosHALGlobalInitPciDevices', ID = '623'
Method 'SystemVoidCosmosHALGlobalInitAtaCosmosHALBlockDeviceAtaControllerIdEnumCosmosHALBlockDeviceAtaBusPositionEnum', ID = '624'
Method 'SystemVoidCosmosHALGlobalset_NumLockSystemBoolean', ID = '625'
Method 'SystemVoidCosmosHALGlobalset_CapsLockSystemBoolean', ID = '626'
Method 'SystemVoidCosmosHALGlobalset_ScrollLockSystemBoolean', ID = '627'
Method 'SystemVoidDisplayBufferedDisplayDriverctor', ID = '628'
Method 'SystemVoidDisplayDisplayDriverinit', ID = '629'
Method 'SystemInt32DisplayDisplayDrivergetHeight', ID = '630'
Method 'SystemInt32DisplayDisplayDrivergetWidth', ID = '631'
Method 'SystemVoidInputMouseDriverctorSystemInt32SystemInt32', ID = '632'
Method 'SystemVoidDisplayMouseRendererctorInputMouseDriverDisplayDisplayDriverSystemInt32', ID = '633'
Method 'SystemVoidBasicOSBasicFontctor', ID = '634'
Method 'SystemVoidSystemUtilsFontRendererctorDisplayDisplayDriverSystemUtilsFontSystemInt32', ID = '635'
Method 'SystemVoidSystemUtilsFontRendererrenderStringSystemInt32SystemInt32SystemStringSystemInt32', ID = '636'
Method 'SystemInt32InputMouseDriverX', ID = '637'
Method 'SystemInt32InputMouseDriverY', ID = '638'
Method 'SystemBooleanInputMouseDriverisLeftClicked', ID = '639'
Method 'SystemBooleanInputMouseDriverisRightClicked', ID = '640'
Method 'SystemVoidDisplayMouseRendererrenderMouse', ID = '641'
Method 'SystemVoidDisplayDisplayDriverstep', ID = '643'
Method 'SystemTypeCosmosIL2CPUILCustomImplementationsSystemObjectImplGetType', ID = '646'
Method 'SystemStringSystemEnvironmentget_NewLine', ID = '658'
Method 'SystemVoidSystemTextUnicodeEncodingctorSystemBooleanSystemBoolean', ID = '662'
Method 'SystemVoidCosmosCorePlugsCPUImplDoDisableInterrupts', ID = '673'
Method 'SystemUInt32CosmosCorePlugsCPUImplGetAmountOfRAM', ID = '674'
Method 'SystemVoidCosmosCorePlugsCPUImplZeroFillSystemUInt32SystemUInt32', ID = '677'
Method 'SystemVoidCosmosCorePlugsCPUImplDoEnableInterrupts', ID = '678'
Method 'SystemStringSentinelKernelSystemPlugsSystemIOPathImplGetDirectoryNameSystemString', ID = '679'
Method 'SystemVoidCosmosDebugKernelDebuggerSendNumberSystemUInt32', ID = '683'
Method 'SystemBooleanCosmosCorePlugsStringImplEqualsSystemStringSystemStringComparison', ID = '684'
Method 'SystemVoidSystemIOStreamNullStreamctor', ID = '685'
Method 'SystemVoidSentinelKernelSystemPlugsSystemIOFileStreamImplDisposeSystemBooleanSystemIOStream', ID = '687'
Method 'SystemVoidCosmosIL2CPUILCustomImplementationsSystemGCImpl_SuppressFinalizeSystemObject', ID = '688'
Method 'SystemBooleanCosmosSystemPlugsSystemCharImplIsWhiteSpaceSystemChar', ID = '689'
Method 'SystemStringSystemStringInternalSubStringSystemInt32SystemInt32', ID = '690'
Method 'SystemVoidCosmosHALRTCcctor', ID = '691'
Method 'SystemVoidCosmosCoreIOGroupTextScreenctor', ID = '698'
Method 'SystemVoidCosmosHALTextScreenBasector', ID = '699'
Method 'SystemVoidSystemCollectionsGenericQueue1CosmosHALKeyEventcctor', ID = '702'
Method 'SystemVoidCosmosCoreGlobalcctor', ID = '703'
Method 'SystemVoidCosmosCoreBootstrapcctor', ID = '704'
Method 'SystemVoidCosmosIL2CPUX86PlugsCustomImplementationsSystemArrayImplCopySystemArraySystemInt32SystemArraySystemInt32SystemInt32SystemBoolean', ID = '705'
Method 'SystemVoidCosmosCoreINTsHandleInterrupt_DefaultCosmosCoreINTsIRQContext', ID = '711'
Method 'SystemVoidCosmosCoreINTsHandleInterrupt_00CosmosCoreINTsIRQContext', ID = '712'
Method 'SystemVoidCosmosCoreINTsHandleInterrupt_01CosmosCoreINTsIRQContext', ID = '713'
Method 'SystemVoidCosmosCoreINTsHandleInterrupt_02CosmosCoreINTsIRQContext', ID = '714'
Method 'SystemVoidCosmosCoreINTsHandleInterrupt_03CosmosCoreINTsIRQContext', ID = '715'
Method 'SystemVoidCosmosCoreINTsHandleInterrupt_04CosmosCoreINTsIRQContext', ID = '716'
Method 'SystemVoidCosmosCoreINTsHandleInterrupt_05CosmosCoreINTsIRQContext', ID = '717'
Method 'SystemVoidCosmosCoreINTsHandleInterrupt_06CosmosCoreINTsIRQContext', ID = '718'
Method 'SystemVoidCosmosCoreINTsHandleInterrupt_07CosmosCoreINTsIRQContext', ID = '719'
Method 'SystemVoidCosmosCoreINTsHandleInterrupt_08CosmosCoreINTsIRQContext', ID = '720'
Method 'SystemVoidCosmosCoreINTsHandleInterrupt_09CosmosCoreINTsIRQContext', ID = '721'
Method 'SystemVoidCosmosCoreINTsHandleInterrupt_0ACosmosCoreINTsIRQContext', ID = '722'
Method 'SystemVoidCosmosCoreINTsHandleInterrupt_0BCosmosCoreINTsIRQContext', ID = '723'
Method 'SystemVoidCosmosCoreINTsHandleInterrupt_0CCosmosCoreINTsIRQContext', ID = '724'
Method 'SystemVoidCosmosCoreINTsHandleInterrupt_0DCosmosCoreINTsIRQContext', ID = '725'
Method 'SystemVoidCosmosCoreINTsHandleInterrupt_0ECosmosCoreINTsIRQContext', ID = '726'
Method 'SystemVoidCosmosCoreINTsHandleInterrupt_0FCosmosCoreINTsIRQContext', ID = '727'
Method 'SystemVoidCosmosCoreINTsHandleInterrupt_10CosmosCoreINTsIRQContext', ID = '728'
Method 'SystemVoidCosmosCoreINTsHandleInterrupt_11CosmosCoreINTsIRQContext', ID = '729'
Method 'SystemVoidCosmosCoreINTsHandleInterrupt_12CosmosCoreINTsIRQContext', ID = '730'
Method 'SystemVoidCosmosCoreINTsHandleInterrupt_13CosmosCoreINTsIRQContext', ID = '731'
Method 'SystemVoidCosmosCoreINTsHandleInterrupt_20CosmosCoreINTsIRQContext', ID = '732'
Method 'SystemVoidCosmosCoreINTsHandleInterrupt_21CosmosCoreINTsIRQContext', ID = '733'
Method 'SystemVoidCosmosCoreINTsHandleInterrupt_22CosmosCoreINTsIRQContext', ID = '734'
Method 'SystemVoidCosmosCoreINTsHandleInterrupt_23CosmosCoreINTsIRQContext', ID = '735'
Method 'SystemVoidCosmosCoreINTsHandleInterrupt_24CosmosCoreINTsIRQContext', ID = '736'
Method 'SystemVoidCosmosCoreINTsHandleInterrupt_25CosmosCoreINTsIRQContext', ID = '737'
Method 'SystemVoidCosmosCoreINTsHandleInterrupt_26CosmosCoreINTsIRQContext', ID = '738'
Method 'SystemVoidCosmosCoreINTsHandleInterrupt_27CosmosCoreINTsIRQContext', ID = '739'
Method 'SystemVoidCosmosCoreINTsHandleInterrupt_28CosmosCoreINTsIRQContext', ID = '740'
Method 'SystemVoidCosmosCoreINTsHandleInterrupt_29CosmosCoreINTsIRQContext', ID = '741'
Method 'SystemVoidCosmosCoreINTsHandleInterrupt_2ACosmosCoreINTsIRQContext', ID = '742'
Method 'SystemVoidCosmosCoreINTsHandleInterrupt_2BCosmosCoreINTsIRQContext', ID = '743'
Method 'SystemVoidCosmosCoreINTsHandleInterrupt_2CCosmosCoreINTsIRQContext', ID = '744'
Method 'SystemVoidCosmosCoreINTsHandleInterrupt_2DCosmosCoreINTsIRQContext', ID = '745'
Method 'SystemVoidCosmosCoreINTsHandleInterrupt_2ECosmosCoreINTsIRQContext', ID = '746'
Method 'SystemVoidCosmosCoreINTsHandleInterrupt_2FCosmosCoreINTsIRQContext', ID = '747'
Method 'SystemVoidCosmosCoreINTsHandleInterrupt_30CosmosCoreINTsIRQContext', ID = '748'
Method 'SystemVoidCosmosCoreINTsHandleInterrupt_35CosmosCoreINTsIRQContext', ID = '749'
Method 'SystemVoidCosmosCoreINTsHandleInterrupt_40CosmosCoreINTsIRQContext', ID = '750'
Method 'SystemVoidCosmosCoreINTsHandleInterrupt_41CosmosCoreINTsIRQContext', ID = '751'
Method 'SystemVoidCosmosCoreINTsHandleInterrupt_42CosmosCoreINTsIRQContext', ID = '752'
Method 'SystemVoidCosmosCoreINTsHandleInterrupt_43CosmosCoreINTsIRQContext', ID = '753'
Method 'SystemVoidCosmosCoreINTsHandleInterrupt_44CosmosCoreINTsIRQContext', ID = '754'
Method 'SystemVoidCosmosCoreINTsHandleInterrupt_45CosmosCoreINTsIRQContext', ID = '755'
Method 'SystemVoidCosmosCoreINTsHandleInterrupt_46CosmosCoreINTsIRQContext', ID = '756'
Method 'SystemVoidCosmosCoreINTsHandleInterrupt_47CosmosCoreINTsIRQContext', ID = '757'
Method 'SystemVoidCosmosCoreINTsHandleInterrupt_48CosmosCoreINTsIRQContext', ID = '758'
Method 'SystemVoidCosmosCoreINTsHandleInterrupt_49CosmosCoreINTsIRQContext', ID = '759'
Method 'SystemVoidCosmosCoreIOGroupPICctorSystemBoolean', ID = '761'
Method 'SystemVoidCosmosCorePICRemapSystemByteSystemByteSystemByteSystemByte', ID = '762'
Method 'SystemVoidCosmosCorePlugsCPUImplUpdateIDTSystemBoolean', ID = '763'
Method 'SystemVoidCosmosCorePlugsCPUImplInitFloat', ID = '764'
Method 'SystemVoidCosmosHALKeyboardctor', ID = '768'
Method 'SystemVoidCosmosHALPCISetup', ID = '769'
Method 'SystemVoidCosmosHALBlockDeviceAtaPioctorCosmosCoreIOGroupATACosmosHALBlockDeviceAtaControllerIdEnumCosmosHALBlockDeviceAtaBusPositionEnum', ID = '772'
Method 'CosmosHALBlockDeviceAtaPioSpecLevelCosmosHALBlockDeviceAtaPioget_DriveType', ID = '773'
Method 'SystemVoidSystemCollectionsGenericList1CosmosHALBlockDeviceBlockDeviceAddCosmosHALBlockDeviceBlockDevice', ID = '776'
Method 'SystemVoidCosmosHALBlockDeviceMBRctorSystemBytearray', ID = '781'
Method 'SystemVoidCosmosHALBlockDeviceEBRctorSystemBytearray', ID = '783'
Method 'SystemInt32SystemCollectionsGenericList1CosmosHALBlockDeviceEBRPartInfoget_Count', ID = '785'
Method 'SystemInt32SystemCollectionsGenericList1CosmosHALBlockDeviceMBRPartInfoget_Count', ID = '786'
Method 'CosmosHALBlockDeviceMBRPartInfoSystemCollectionsGenericList1CosmosHALBlockDeviceMBRPartInfoget_ItemSystemInt32', ID = '787'
Method 'SystemVoidCosmosHALBlockDevicePartitionctorCosmosHALBlockDeviceBlockDeviceSystemUInt64SystemUInt64', ID = '789'
Method 'SystemVoidDisplayDisplayDriverctor', ID = '794'
Method 'SystemVoidCosmosHALVGAScreenSetGraphicsModeCosmosHALVGAScreenScreenSizeCosmosHALVGAScreenColorDepth', ID = '796'
Method 'SystemVoidCosmosHALVGAScreenClearSystemInt32', ID = '797'
Method 'SystemInt32CosmosHALVGAScreenget_PixelWidth', ID = '798'
Method 'SystemInt32CosmosHALVGAScreenget_PixelHeight', ID = '799'
Method 'SystemVoidCosmosHALMousector', ID = '801'
Method 'SystemVoidCosmosHALMouseInitializeSystemUInt32SystemUInt32', ID = '802'
Method 'SystemVoidSystemUtilsFontctor', ID = '805'
Method 'SystemVoidSystemUtilsFontRendererrenderStringSystemInt32SystemInt32SystemStringSystemInt32SystemInt32SystemInt32', ID = '808'
Method 'CosmosHALMouseMouseStateInputMouseDrivergetButton', ID = '810'
Method 'SystemVoidDisplayDisplayDriversetPixelSystemInt32SystemInt32SystemInt32', ID = '811'
Method 'SystemVoidDisplayBufferedDisplayDriverstep', ID = '812'
Method 'SystemStringCosmosIL2CPUILCustomImplementationsSystemEnvironmentImplGetResourceStringSystemStringSystemObjectarray', ID = '813'
Method 'SystemVoidSystemTextUnicodeEncodingctorSystemBooleanSystemBooleanSystemBoolean', ID = '815'
Method 'SystemVoidSystemCollectionsGenericList1CosmosSystemFileSystemListingBasecctor', ID = '816'
Method 'SystemVoidSystemIOStreamctor', ID = '819'
Method 'SystemVoidSystemStringwstrcpySystemCharSystemCharSystemInt32', ID = '822'
Method 'SystemVoidCosmosCoreIOGroupRTCctor', ID = '823'
Method 'SystemVoidCosmosCorePlugsIOPortImplWrite8SystemUInt16SystemByte', ID = '826'
Method 'SystemByteCosmosCorePlugsIOPortImplRead8SystemUInt16', ID = '827'
Method 'SystemVoidCosmosHALTextScreenSetColorsSystemConsoleColorSystemConsoleColor', ID = '828'
Method 'SystemUInt16CosmosHALTextScreenget_Rows', ID = '829'
Method 'SystemUInt16CosmosHALTextScreenget_Cols', ID = '830'
Method 'SystemVoidCosmosHALTextScreenClear', ID = '831'
Method 'SystemVoidCosmosHALTextScreenset_ItemSystemInt32SystemInt32SystemChar', ID = '832'
Method 'SystemVoidCosmosHALTextScreenScrollUp', ID = '833'
Method 'SystemByteCosmosHALTextScreenGetColor', ID = '834'
Method 'SystemVoidCosmosHALTextScreenSetCursorPosSystemInt32SystemInt32', ID = '835'
Method 'SystemVoidCosmosCoreMemoryBlockctorSystemUInt32SystemUInt32', ID = '836'
Method 'SystemVoidCosmosCoreIOPortctorSystemUInt16', ID = '837'
Method 'SystemVoidCosmosCoreIOGroupIOGroupctor', ID = '838'
Method 'SystemVoidCosmosHALDevicector', ID = '839'
Method 'SystemVoidCosmosCoreBaseIOGroupsctor', ID = '841'
Method 'SystemVoidCosmosCoreCPUctor', ID = '842'
Method 'SystemVoidCosmosCoreINTscctor', ID = '843'
Method 'CosmosCorePICCosmosCoreGlobalget_PIC', ID = '845'
Method 'SystemVoidCosmosCorePICEoiSlave', ID = '846'
Method 'SystemVoidCosmosCorePICEoiMaster', ID = '847'
Method 'SystemVoidCosmosCoreINTsHandleExceptionSystemUInt32SystemStringSystemStringCosmosCoreINTsIRQContextSystemUInt32', ID = '848'
Method 'SystemVoidCosmosIL2CPUX86PlugsNEW_PLUGSDelegateImplInvoke', ID = '954'
Method 'SystemVoidCosmosCoreINTsIRQSystemUInt32CosmosCoreINTsIRQContext', ID = '852'
Method 'SystemVoidCosmosDebugKernelDebuggerSendMessageSystemStringSystemString', ID = '854'
Method 'SystemVoidCosmosCoreIOPortWait', ID = '856'
Method 'SystemVoidCosmosCoreBaseIOGroupscctor', ID = '857'
Method 'SystemVoidSystemCollectionsGenericQueue1CosmosHALKeyEventctor', ID = '858'
Method 'SystemVoidCosmosHALScanMapsUS_Standardctor', ID = '859'
Method 'SystemVoidCosmosHALKeyboardSetKeyLayoutCosmosHALScanMapBase', ID = '860'
Method 'SystemVoidCosmosHALPCIEnumerateDevices', ID = '864'
Method 'SystemVoidCosmosHALBlockDeviceAtactor', ID = '867'
Method 'SystemVoidCosmosCoreIOPortWriteset_ByteSystemByte', ID = '868'
Method 'CosmosHALBlockDeviceAtaPioSpecLevelCosmosHALBlockDeviceAtaPioDiscoverDrive', ID = '869'
Method 'SystemVoidCosmosHALBlockDeviceAtaPioInitDrive', ID = '870'
Method 'SystemVoidCosmosHALBlockDeviceBlockDevicecctor', ID = '872'
Method 'SystemVoidSystemCollectionsGenericList1CosmosHALBlockDeviceBlockDeviceEnsureCapacitySystemInt32', ID = '874'
Method 'SystemVoidCosmosHALBlockDeviceAtacctor', ID = '875'
Method 'SystemStringCosmosHALBlockDeviceAtaToString', ID = '876'
Method 'SystemStringCosmosIL2CPUCustomImplementationSystemStringImplConcatSystemObjectSystemObjectSystemObject', ID = '877'
Method 'SystemVoidCosmosHALBlockDeviceAtaPioReadBlockSystemUInt64SystemUInt64SystemBytearray', ID = '878'
Method 'SystemVoidSystemCollectionsGenericList1CosmosHALBlockDeviceMBRPartInfoctor', ID = '879'
Method 'SystemVoidCosmosHALBlockDeviceMBRParsePartitionSystemBytearraySystemUInt32', ID = '880'
Method 'SystemVoidSystemCollectionsGenericList1CosmosHALBlockDeviceEBRPartInfoctor', ID = '881'
Method 'SystemVoidCosmosHALBlockDeviceEBRParsePartitionSystemBytearraySystemUInt32', ID = '882'
Method 'SystemVoidCosmosHALBlockDeviceBlockDevicector', ID = '886'
Method 'SystemUInt64CosmosHALBlockDeviceBlockDeviceget_BlockSize', ID = '887'
Method 'SystemVoidCosmosHALPS2KeyboardUpdateLeds', ID = '888'
Method 'SystemVoidCosmosHALVGAScreenctor', ID = '889'
Method 'SystemVoidCosmosHALVGAScreenWriteVGARegistersSystemBytearray', ID = '894'
Method 'SystemVoidCosmosHALVGAScreenset_PixelWidthSystemInt32', ID = '895'
Method 'SystemVoidCosmosHALVGAScreenset_PixelHeightSystemInt32', ID = '896'
Method 'SystemVoidCosmosHALVGAScreenset_ColorsSystemInt32', ID = '897'
Method 'SystemVoidCosmosHALVGAScreenSetPixel320x200x8SystemUInt32SystemUInt32SystemUInt32', ID = '898'
Method 'SystemVoidCosmosIL2CPUX86PlugsNEW_PLUGSDelegateImplCtorSystemObjectSystemIntPtr', ID = '999'
Method 'SystemUInt32CosmosHALVGAScreenGetPixel320x200x8SystemUInt32SystemUInt32', ID = '900'
Method 'SystemVoidCosmosIL2CPUX86PlugsNEW_PLUGSDelegateImplCtorSystemObjectSystemIntPtr', ID = '999'
Method 'SystemVoidCosmosHALVGAScreenSetPixel640x480x4SystemUInt32SystemUInt32SystemUInt32', ID = '905'
Method 'SystemUInt32CosmosHALVGAScreenGetPixel640x480x4SystemUInt32SystemUInt32', ID = '906'
Method 'CosmosCoreMemoryBlock08CosmosHALVGAScreenGetFramebufferSegment', ID = '908'
Method 'SystemVoidCosmosCoreMemoryBlock08set_ItemSystemUInt32SystemByte', ID = '909'
Method 'SystemVoidCosmosHALMouseWaitSignal', ID = '910'
Method 'SystemVoidCosmosHALMouseWaitData', ID = '913'
Method 'SystemVoidCosmosHALMouseWriteSystemByte', ID = '914'
Method 'SystemByteCosmosHALMouseRead', ID = '915'
Method 'SystemVoidCosmosHALMouseHandleMouseCosmosCoreINTsIRQContext', ID = '916'
Method 'SystemVoidCosmosIL2CPUX86PlugsNEW_PLUGSDelegateImplCtorSystemObjectSystemIntPtr', ID = '999'
Method 'SystemVoidCosmosCoreINTsSetIrqHandlerSystemByteCosmosCoreINTsIRQDelegate', ID = '918'
Method 'SystemVoidSystemUtilsFontRendererrenderCharSystemInt32SystemInt32SystemCharSystemInt32', ID = '919'
Method 'SystemVoidCosmosHALMousecctor', ID = '920'
Method 'SystemVoidDisplayBufferedDisplayDriversetPixelSystemInt32SystemInt32SystemInt32', ID = '922'
Method 'SystemVoidDisplayBufferedDisplayDriverreDraw', ID = '923'
Method 'SystemVoidSystemTextEncodingctorSystemInt32', ID = '924'
Method 'SystemVoidSystemTextEncodingSetDefaultFallbacks', ID = '925'
Method 'SystemInt64SystemIOStreamNullStreamget_Length', ID = '927'
Method 'SystemInt32SystemIOStreamNullStreamReadSystemBytearraySystemInt32SystemInt32', ID = '928'
Method 'SystemVoidSystemIOStreamNullStreamWriteSystemBytearraySystemInt32SystemInt32', ID = '929'
Method 'SystemVoidSystemIOStreamNullStreamSetLengthSystemInt64', ID = '930'
Method 'SystemInt64SystemIOStreamNullStreamSeekSystemInt64SystemIOSeekOrigin', ID = '931'
Method 'SystemVoidSystemIOStreamNullStreamFlush', ID = '932'
Method 'SystemInt64SystemIOStreamNullStreamget_Position', ID = '933'
Method 'SystemVoidSystemIOStreamNullStreamset_PositionSystemInt64', ID = '934'
Method 'SystemVoidSystemMarshalByRefObjectctor', ID = '935'
Method 'SystemStringCosmosIL2CPUX86PlugsCustomImplementationsMSSystemStringImplFastAllocateStringSystemInt32', ID = '936'
Method 'SystemVoidSystemBufferMemcpySystemByteSystemByteSystemInt32', ID = '937'
Method 'SystemVoidCosmosCoreMemoryBlockFillSystemUInt32', ID = '939'
Method 'SystemVoidCosmosCoreMemoryBlockMoveDownSystemUInt32SystemUInt32SystemUInt32', ID = '940'
Method 'SystemVoidCosmosCoreMemoryBlockFillSystemUInt32SystemUInt32SystemUInt32', ID = '941'
Method 'SystemVoidCosmosCoreMemoryBlock08ctorSystemUInt32SystemUInt32', ID = '942'
Method 'SystemVoidCosmosCoreMemoryBlock16ctorSystemUInt32SystemUInt32', ID = '943'
Method 'SystemVoidCosmosCoreMemoryBlock32ctorSystemUInt32SystemUInt32', ID = '944'
Method 'SystemVoidCosmosCoreIOPortBasectorSystemUInt16', ID = '945'
Method 'SystemVoidCosmosCoreIOGroupKeyboardctor', ID = '946'
Method 'SystemVoidCosmosCoreIOGroupPITctor', ID = '947'
Method 'SystemVoidCosmosCoreIOGroupATActorSystemBoolean', ID = '948'
Method 'SystemVoidCosmosCoreIOGroupVBEctor', ID = '949'
Method 'SystemVoidCosmosCoreINTsPutErrorCharSystemInt32SystemInt32SystemChar', ID = '952'
Method 'SystemVoidCosmosCoreINTsPutErrorStringSystemInt32SystemInt32SystemString', ID = '953'
Method 'SystemVoidCosmosCoreIOGroupMousector', ID = '955'
Method 'SystemVoidCosmosCoreIOGroupPCSpeakerctor', ID = '956'
Method 'SystemVoidCosmosHALScanMapBasector', ID = '959'
Method 'SystemVoidCosmosHALKeyboardset_KeyLayoutCosmosHALScanMapBase', ID = '961'
Method 'SystemVoidCosmosHALPS2KeyboardInitialize', ID = '962'
Method 'SystemVoidSystemCollectionsGenericList1CosmosHALPCIDevicector', ID = '963'
Method 'SystemVoidCosmosHALPCIEnumerateBusSystemUInt32SystemUInt32', ID = '965'
Method 'SystemVoidCosmosHALBlockDeviceAtaPiocctor', ID = '966'
Method 'SystemStringCosmosHALBlockDeviceAtaPioToString', ID = '967'
Method 'SystemVoidCosmosHALBlockDeviceAtaPioSelectDriveSystemByte', ID = '969'
Method 'CosmosHALBlockDeviceAtaPioStatusCosmosHALBlockDeviceAtaPioSendCmdCosmosHALBlockDeviceAtaPioCmdSystemBoolean', ID = '970'
Method 'CosmosHALBlockDeviceAtaPioStatusCosmosHALBlockDeviceAtaPioSendCmdCosmosHALBlockDeviceAtaPioCmd', ID = '971'
Method 'SystemVoidCosmosCoreIOPortBaseRead16SystemUInt16array', ID = '972'
Method 'SystemStringCosmosHALBlockDeviceAtaPioGetStringSystemUInt16arraySystemInt32SystemInt32', ID = '973'
Method 'SystemVoidSystemCollectionsGenericList1CosmosHALBlockDeviceBlockDevicector', ID = '974'
Method 'SystemVoidSystemCollectionsGenericList1CosmosHALBlockDeviceBlockDevicecctor', ID = '975'
Method 'SystemVoidSystemCollectionsGenericList1CosmosHALBlockDeviceBlockDeviceset_CapacitySystemInt32', ID = '976'
Method 'SystemVoidCosmosHALBlockDeviceBlockDeviceCheckDataSizeSystemBytearraySystemUInt64', ID = '977'
Method 'SystemVoidCosmosHALBlockDeviceAtaPioSelectSectorSystemUInt64SystemUInt64', ID = '978'
Method 'SystemVoidCosmosCoreIOPortBaseRead8SystemBytearray', ID = '979'
Method 'SystemUInt32CosmosCommonExtensionsByteConverterToUInt32SystemBytearraySystemUInt64', ID = '981'
Method 'SystemVoidCosmosHALBlockDeviceMBRPartInfoctorSystemByteSystemUInt32SystemUInt32', ID = '982'
Method 'SystemVoidSystemCollectionsGenericList1CosmosHALBlockDeviceMBRPartInfoAddCosmosHALBlockDeviceMBRPartInfo', ID = '983'
Method 'SystemVoidCosmosHALBlockDeviceEBRPartInfoctorSystemByteSystemUInt32SystemUInt32', ID = '985'
Method 'SystemVoidSystemCollectionsGenericList1CosmosHALBlockDeviceEBRPartInfoAddCosmosHALBlockDeviceEBRPartInfo', ID = '986'
Method 'SystemVoidSystemCollectionsGenericList1CosmosHALBlockDeviceEBRPartInfocctor', ID = '987'
Method 'SystemVoidSystemCollectionsGenericList1CosmosHALBlockDeviceMBRPartInfocctor', ID = '988'
Method 'SystemStringCosmosHALBlockDevicePartitionToString', ID = '989'
Method 'SystemVoidCosmosHALBlockDevicePartitionReadBlockSystemUInt64SystemUInt64SystemBytearray', ID = '990'
Method 'SystemVoidCosmosCoreIOGroupVGActor', ID = '991'
Method 'SystemVoidCosmosHALVGAScreenSetPixelNoModeSystemUInt32SystemUInt32SystemUInt32', ID = '993'
Method 'SystemUInt32CosmosHALVGAScreenGetPixelNoModeSystemUInt32SystemUInt32', ID = '994'
Method 'SystemVoidCosmosHALVGAScreencctor', ID = '995'
Method 'SystemByteCosmosCoreIOPortReadget_Byte', ID = '997'
Method 'SystemByteCosmosCoreMemoryBlock08get_ItemSystemUInt32', ID = '1000'
Method 'SystemVoidCosmosCoreINTsSetIntHandlerSystemByteCosmosCoreINTsIRQDelegate', ID = '1004'
Method 'SystemByteDisplayDisplayDrivergetPixelSystemInt32SystemInt32', ID = '1006'
Method 'SystemVoidDisplayDisplayDriverclearSystemInt32', ID = '1007'
Method 'SystemVoidSystemTextUnicodeEncodingSetDefaultFallbacks', ID = '1008'
Method 'SystemVoidSystemTextInternalEncoderBestFitFallbackctorSystemTextEncoding', ID = '1009'
Method 'SystemVoidSystemTextInternalDecoderBestFitFallbackctorSystemTextEncoding', ID = '1010'
Method 'SystemVoidSystemBufferMemmoveSystemByteSystemByteSystemUInt32', ID = '1011'
Method 'SystemVoidCosmosCoreIOPortWritectorSystemUInt16', ID = '1016'
Method 'SystemUInt16CosmosCoreIOGroupATAGetBAR0SystemBoolean', ID = '1017'
Method 'SystemUInt16CosmosCoreIOGroupATAGetBAR1SystemBoolean', ID = '1018'
Method 'SystemVoidCosmosCoreIOPortWritectorSystemUInt16SystemUInt16', ID = '1019'
Method 'SystemVoidCosmosCoreIOPortctorSystemUInt16SystemUInt16', ID = '1020'
Method 'SystemVoidCosmosCoreIOPortReadctorSystemUInt16SystemUInt16', ID = '1021'
Method 'SystemVoidCosmosHALPS2KeyboardHandleIRQCosmosCoreINTsIRQContext', ID = '1026'
Method 'SystemVoidCosmosHALPCIDevicectorSystemUInt32SystemUInt32SystemUInt32', ID = '1029'
Method 'SystemBooleanCosmosHALPCIDeviceget_DeviceExists', ID = '1030'
Method 'CosmosHALPCIDevicePCIHeaderTypeCosmosHALPCIDeviceget_HeaderType', ID = '1031'
Method 'SystemVoidCosmosHALPCIDeviceBridgectorSystemUInt32SystemUInt32SystemUInt32', ID = '1032'
Method 'SystemVoidCosmosHALPCIAddDeviceCosmosHALPCIDeviceSystemUInt32', ID = '1033'
Method 'SystemVoidCosmosHALPCIDeviceCardbusctorSystemUInt32SystemUInt32SystemUInt32', ID = '1034'
Method 'SystemVoidCosmosHALPCIDeviceNormalctorSystemUInt32SystemUInt32SystemUInt32', ID = '1035'
Method 'SystemVoidCosmosHALBlockDeviceAtaPioWait', ID = '1037'
Method 'SystemVoidCosmosHALBlockDeviceAtaPioDebugSystemString', ID = '1040'
Method 'SystemVoidCosmosHALBlockDeviceAtaPioDebugHexSystemStringSystemUInt32', ID = '1041'
Method 'SystemVoidCosmosHALBlockDeviceBlockDeviceCheckBlockNoSystemUInt64SystemUInt64', ID = '1045'
Method 'SystemVoidCosmosCoreIOPortWriteset_WordSystemUInt16', ID = '1046'
Method 'SystemVoidSystemCollectionsGenericList1CosmosHALBlockDeviceMBRPartInfoEnsureCapacitySystemInt32', ID = '1047'
Method 'SystemVoidSystemCollectionsGenericList1CosmosHALBlockDeviceEBRPartInfoEnsureCapacitySystemInt32', ID = '1049'
Method 'SystemVoidCosmosCoreIOPortReadctorSystemUInt16', ID = '1050'
Method 'SystemVoidSystemDrawingColorcctor', ID = '1051'
Method 'SystemInt32arrayBasicOSBasicFontgetCharSystemChar', ID = '1075'
Method 'SystemByteDisplayBufferedDisplayDrivergetPixelSystemInt32SystemInt32', ID = '1076'
Method 'SystemVoidDisplayBufferedDisplayDriverclearSystemInt32', ID = '1077'
Method 'SystemTextEncoderFallbackSystemTextEncoderFallbackget_ExceptionFallback', ID = '1078'
Method 'SystemTextDecoderFallbackSystemTextDecoderFallbackget_ExceptionFallback', ID = '1079'
Method 'SystemVoidSystemTextEncoderReplacementFallbackctorSystemString', ID = '1080'
Method 'SystemVoidSystemTextDecoderReplacementFallbackctorSystemString', ID = '1081'
Method 'SystemVoidSystemTextEncoderFallbackctor', ID = '1083'
Method 'SystemVoidSystemTextDecoderFallbackctor', ID = '1086'
Method 'SystemVoidSystemBuffer_MemmoveSystemByteSystemByteSystemUInt32', ID = '1088'
Method 'SystemVoidCosmosCoreIOPortBasectorSystemUInt16SystemUInt16', ID = '1089'
Method 'SystemVoidCosmosHALScanMapsUS_StandardInitKeys', ID = '1090'
Method 'SystemVoidSystemCollectionsGenericList1CosmosHALPCIDevicecctor', ID = '1092'
Method 'SystemVoidCosmosCoreIOGroupPCIctor', ID = '1094'
Method 'SystemUInt16CosmosHALPCIDeviceReadRegister16SystemByte', ID = '1095'
Method 'SystemVoidCosmosHALPCIDeviceset_VendorIDSystemUInt16', ID = '1096'
Method 'SystemVoidCosmosHALPCIDeviceset_DeviceIDSystemUInt16', ID = '1097'
Method 'SystemByteCosmosHALPCIDeviceReadRegister8SystemByte', ID = '1098'
Method 'SystemVoidCosmosHALPCIDeviceset_RevisionIDSystemByte', ID = '1099'
Method 'SystemVoidCosmosHALPCIDeviceset_ProgIFSystemByte', ID = '1100'
Method 'SystemVoidCosmosHALPCIDeviceset_SubclassSystemByte', ID = '1101'
Method 'SystemVoidCosmosHALPCIDeviceset_ClassCodeSystemByte', ID = '1102'
Method 'SystemVoidCosmosHALPCIDeviceset_CacheLineSizeSystemByte', ID = '1103'
Method 'SystemVoidCosmosHALPCIDeviceset_LatencyTimerSystemByte', ID = '1104'
Method 'SystemVoidCosmosHALPCIDeviceset_HeaderTypeCosmosHALPCIDevicePCIHeaderType', ID = '1105'
Method 'SystemVoidCosmosHALPCIDeviceset_BISTCosmosHALPCIDevicePCIBist', ID = '1106'
Method 'SystemVoidCosmosHALPCIDeviceset_InterruptLineSystemByte', ID = '1107'
Method 'SystemVoidCosmosHALPCIDeviceset_InterruptPINCosmosHALPCIDevicePCIInterruptPIN', ID = '1108'
Method 'SystemUInt16CosmosHALPCIDeviceget_VendorID', ID = '1109'
Method 'SystemUInt16CosmosHALPCIDeviceget_DeviceID', ID = '1110'
Method 'SystemVoidCosmosHALPCIDeviceset_DeviceExistsSystemBoolean', ID = '1111'
Method 'SystemVoidCosmosHALPCIDeviceBridgeset_BaseAddressesCosmosHALPCIBaseAddressBararray', ID = '1115'
Method 'CosmosHALPCIBaseAddressBararrayCosmosHALPCIDeviceBridgeget_BaseAddresses', ID = '1116'
Method 'SystemUInt32CosmosHALPCIDeviceReadRegister32SystemByte', ID = '1117'
Method 'SystemVoidCosmosHALPCIBaseAddressBarctorSystemUInt32', ID = '1118'
Method 'SystemVoidCosmosHALPCIDeviceBridgeset_PrimaryBusNumberSystemByte', ID = '1119'
Method 'SystemVoidCosmosHALPCIDeviceBridgeset_SecondaryBusNumberSystemByte', ID = '1120'
Method 'SystemVoidCosmosHALPCIDeviceBridgeset_SubordinateBusNumberSystemByte', ID = '1121'
Method 'SystemVoidCosmosHALPCIDeviceBridgeset_SecondaryLatencyTimerSystemByte', ID = '1122'
Method 'SystemVoidCosmosHALPCIDeviceBridgeset_IOBaseSystemByte', ID = '1123'
Method 'SystemVoidCosmosHALPCIDeviceBridgeset_IOLimitSystemByte', ID = '1124'
Method 'SystemVoidCosmosHALPCIDeviceBridgeset_SecondaryStatusSystemUInt16', ID = '1125'
Method 'SystemVoidCosmosHALPCIDeviceBridgeset_MemoryBaseSystemUInt16', ID = '1126'
Method 'SystemVoidCosmosHALPCIDeviceBridgeset_MemoryLimitSystemUInt16', ID = '1127'
Method 'SystemVoidCosmosHALPCIDeviceBridgeset_PrefatchableMemoryBaseSystemUInt16', ID = '1128'
Method 'SystemVoidCosmosHALPCIDeviceBridgeset_PrefatchableMemoryLimitSystemUInt16', ID = '1129'
Method 'SystemVoidCosmosHALPCIDeviceBridgeset_PrefatchableBaseUpper32SystemUInt32', ID = '1130'
Method 'SystemVoidCosmosHALPCIDeviceBridgeset_PrefatchableLimitUpper32SystemUInt32', ID = '1131'
Method 'SystemVoidCosmosHALPCIDeviceBridgeset_IOBaseUpper16SystemUInt16', ID = '1132'
Method 'SystemVoidCosmosHALPCIDeviceBridgeset_IOLimitUpper16SystemUInt16', ID = '1133'
Method 'SystemVoidCosmosHALPCIDeviceBridgeset_CapabilityPointerSystemByte', ID = '1134'
Method 'SystemVoidCosmosHALPCIDeviceBridgeset_ExpansionROMBaseAddressSystemUInt32', ID = '1135'
Method 'SystemVoidCosmosHALPCIDeviceBridgeset_BridgeControlSystemUInt16', ID = '1136'
Method 'SystemStringCosmosHALPCIDeviceDeviceClassGetStringCosmosHALPCIDevice', ID = '1137'
Method 'SystemVoidSystemCollectionsGenericList1CosmosHALPCIDeviceAddCosmosHALPCIDevice', ID = '1139'
Method 'SystemByteCosmosHALPCIDeviceBridgeget_SecondaryBusNumber', ID = '1140'
Method 'SystemVoidCosmosHALPCIDeviceCardbusset_CardbusBaseAddressSystemUInt32', ID = '1142'
Method 'SystemVoidCosmosHALPCIDeviceCardbusset_OffsetOfCapabilityListSystemByte', ID = '1143'
Method 'SystemVoidCosmosHALPCIDeviceCardbusset_SecondaryStatusSystemUInt16', ID = '1144'
Method 'SystemVoidCosmosHALPCIDeviceCardbusset_PCIBusNumberSystemByte', ID = '1145'
Method 'SystemVoidCosmosHALPCIDeviceCardbusset_CardbusBusNumberSystemByte', ID = '1146'
Method 'SystemVoidCosmosHALPCIDeviceCardbusset_SubordinateBusNumberSystemByte', ID = '1147'
Method 'SystemVoidCosmosHALPCIDeviceCardbusset_CardbusLatencyTimerSystemByte', ID = '1148'
Method 'SystemVoidCosmosHALPCIDeviceCardbusset_MemoryBaseAddress0SystemUInt32', ID = '1149'
Method 'SystemVoidCosmosHALPCIDeviceCardbusset_MemoryLimit0SystemUInt32', ID = '1150'
Method 'SystemVoidCosmosHALPCIDeviceCardbusset_MemoryBaseAddress1SystemUInt32', ID = '1151'
Method 'SystemVoidCosmosHALPCIDeviceCardbusset_MemoryLimit1SystemUInt32', ID = '1152'
Method 'SystemVoidCosmosHALPCIDeviceCardbusset_IOBaseAddress0SystemUInt32', ID = '1153'
Method 'SystemVoidCosmosHALPCIDeviceCardbusset_IOLimit0SystemUInt32', ID = '1154'
Method 'SystemVoidCosmosHALPCIDeviceCardbusset_IOBaseAddress1SystemUInt32', ID = '1155'
Method 'SystemVoidCosmosHALPCIDeviceCardbusset_IOLimit1SystemUInt32', ID = '1156'
Method 'SystemVoidCosmosHALPCIDeviceCardbusset_BridgeControlSystemUInt16', ID = '1157'
Method 'SystemVoidCosmosHALPCIDeviceCardbusset_SubsystemDeviceIDSystemUInt16', ID = '1158'
Method 'SystemVoidCosmosHALPCIDeviceCardbusset_SubsystemVendorIDSystemUInt16', ID = '1159'
Method 'SystemVoidCosmosHALPCIDeviceCardbusset_PCCardBaseAddressSystemUInt32', ID = '1160'
Method 'SystemVoidCosmosHALPCIDeviceNormalset_BaseAddressesCosmosHALPCIBaseAddressBararray', ID = '1162'
Method 'CosmosHALPCIBaseAddressBararrayCosmosHALPCIDeviceNormalget_BaseAddresses', ID = '1163'
Method 'SystemVoidCosmosHALPCIDeviceNormalset_CardbusCISPointerSystemUInt32', ID = '1164'
Method 'SystemVoidCosmosHALPCIDeviceNormalset_SubsystemVendorIDSystemUInt16', ID = '1165'
Method 'SystemVoidCosmosHALPCIDeviceNormalset_SubsystemIDSystemUInt16', ID = '1166'
Method 'SystemVoidCosmosHALPCIDeviceNormalset_ExpansionROMBaseAddressSystemUInt32', ID = '1167'
Method 'SystemVoidCosmosHALPCIDeviceNormalset_CapabilitiesPointerSystemByte', ID = '1168'
Method 'SystemVoidCosmosHALPCIDeviceNormalset_MinGrantSystemByte', ID = '1169'
Method 'SystemVoidCosmosHALPCIDeviceNormalset_MaxLatencySystemByte', ID = '1170'
Method 'SystemUInt16CosmosCorePlugsIOPortImplRead16SystemUInt16', ID = '1171'
Method 'SystemVoidSystemCollectionsGenericList1CosmosHALBlockDeviceMBRPartInfoset_CapacitySystemInt32', ID = '1173'
Method 'SystemVoidSystemCollectionsGenericList1CosmosHALBlockDeviceEBRPartInfoset_CapacitySystemInt32', ID = '1174'
Method 'SystemStringCosmosIL2CPUILCustomImplementationsSystemDrawingColorImplToString', ID = '1181'
Method 'SystemVoidSystemThreadingMonitorEnterSystemObjectSystemBoolean', ID = '1220'
Method 'SystemVoidSystemTextEncoderExceptionFallbackctor', ID = '1221'
Method 'SystemVoidSystemTextDecoderExceptionFallbackctor', ID = '1225'
Method 'SystemBooleanSystemCharIsSurrogateSystemStringSystemInt32', ID = '1227'
Method 'SystemBooleanSystemCharIsHighSurrogateSystemStringSystemInt32', ID = '1228'
Method 'SystemVoidSystemCollectionsGenericList1CosmosHALKeyMappingctorSystemInt32', ID = '1231'
Method 'SystemVoidCosmosHALKeyMappingctorSystemUInt32CosmosHALConsoleKeyEx', ID = '1232'
Method 'SystemVoidSystemCollectionsGenericList1CosmosHALKeyMappingAddCosmosHALKeyMapping', ID = '1233'
Method 'SystemVoidCosmosHALKeyMappingctorSystemUInt32SystemCharSystemCharSystemCharSystemCharSystemCharSystemCharCosmosHALConsoleKeyEx', ID = '1234'
Method 'SystemVoidCosmosHALKeyMappingctorSystemUInt32SystemCharCosmosHALConsoleKeyEx', ID = '1235'
Method 'SystemVoidCosmosHALKeyMappingctorSystemUInt32SystemCharSystemCharSystemCharSystemCharSystemCharSystemCharCosmosHALConsoleKeyExCosmosHALConsoleKeyEx', ID = '1236'
Method 'SystemVoidCosmosHALPS2KeyboardHandleScancodeSystemByteSystemBoolean', ID = '1237'
Method 'SystemUInt32CosmosHALPCIDeviceGetAddressBaseSystemUInt32SystemUInt32SystemUInt32', ID = '1239'
Method 'SystemVoidCosmosCoreIOPortset_DWordSystemUInt32', ID = '1240'
Method 'SystemUInt32CosmosCoreIOPortget_DWord', ID = '1241'
Method 'SystemByteCosmosHALPCIDeviceget_ClassCode', ID = '1246'
Method 'SystemByteCosmosHALPCIDeviceget_Subclass', ID = '1247'
Method 'SystemByteCosmosHALPCIDeviceget_ProgIF', ID = '1248'
Method 'SystemVoidSystemCollectionsGenericList1CosmosHALPCIDeviceEnsureCapacitySystemInt32', ID = '1249'
Method 'SystemVoidCosmosCorePlugsIOPortImplWrite16SystemUInt16SystemUInt16', ID = '1250'
Method 'SystemObjectCosmosSystemPlugsSystemTextEncoderFallbackImplget_InternalSyncObject', ID = '1252'
Method 'SystemVoidSystemThreadingMonitorThrowLockTakenException', ID = '1254'
Method 'SystemVoidCosmosSystemPlugsSystemThreadingMonitorImplExitSystemObject', ID = '1257'
Method 'SystemObjectCosmosSystemPlugsSystemTextDecoderFallbackImplget_InternalSyncObject', ID = '1258'
Method 'SystemBooleanSystemCharIsSurrogateSystemChar', ID = '1260'
Method 'SystemBooleanSystemCharIsHighSurrogateSystemChar', ID = '1261'
Method 'SystemVoidCosmosIL2CPUX86PlugsCustomImplementationsSystemBuffer__MemmoveSystemByteSystemByteSystemUInt32', ID = '1262'
Method 'SystemVoidSystemCollectionsGenericList1CosmosHALKeyMappingEnsureCapacitySystemInt32', ID = '1266'
Method 'SystemBooleanCosmosHALGlobalget_CapsLock', ID = '1267'
Method 'SystemBooleanCosmosHALGlobalget_NumLock', ID = '1268'
Method 'SystemBooleanCosmosHALGlobalget_ScrollLock', ID = '1269'
Method 'SystemVoidCosmosHALKeyboardset_ControlPressedSystemBoolean', ID = '1270'
Method 'SystemVoidCosmosHALKeyboardset_ShiftPressedSystemBoolean', ID = '1271'
Method 'SystemVoidCosmosHALKeyboardset_AltPressedSystemBoolean', ID = '1272'
Method 'SystemBooleanCosmosHALKeyboardget_ControlPressed', ID = '1273'
Method 'SystemBooleanCosmosHALKeyboardget_AltPressed', ID = '1274'
Method 'SystemVoidCosmosCoreCPUReboot', ID = '1275'
Method 'SystemBooleanCosmosHALPS2KeyboardGetKeySystemByteSystemBooleanCosmosHALKeyEvent', ID = '1276'
Method 'SystemVoidCosmosHALKeyboardEnqueueCosmosHALKeyEvent', ID = '1277'
Method 'SystemVoidSystemCollectionsGenericList1CosmosHALPCIDeviceset_CapacitySystemInt32', ID = '1280'
Method 'SystemVoidCosmosSystemPlugsSystemThreadingMonitorImplReliableEnterSystemObjectSystemBoolean', ID = '1282'
Method 'SystemVoidSystemCollectionsGenericList1CosmosHALKeyMappingcctor', ID = '1285'
Method 'SystemVoidSystemCollectionsGenericList1CosmosHALKeyMappingset_CapacitySystemInt32', ID = '1286'
Method 'CosmosHALScanMapBaseCosmosHALKeyboardget_KeyLayout', ID = '1287'
Method 'SystemBooleanCosmosHALKeyboardget_ShiftPressed', ID = '1288'
Method 'CosmosHALKeyEventCosmosHALScanMapBaseConvertScanCodeSystemByteSystemBooleanSystemBooleanSystemBooleanSystemBooleanSystemBooleanSystemBoolean', ID = '1289'
Method 'SystemVoidSystemCollectionsGenericQueue1CosmosHALKeyEventEnqueueCosmosHALKeyEvent', ID = '1290'
Method 'SystemVoidCosmosCorePlugsIOPortImplWrite32SystemUInt16SystemUInt32', ID = '1291'
Method 'SystemUInt32CosmosCorePlugsIOPortImplRead32SystemUInt16', ID = '1292'
Method 'SystemVoidCosmosHALKeyEventctor', ID = '1293'
Method 'SystemConsoleModifiersCosmosHALKeyEventget_Modifiers', ID = '1294'
Method 'SystemVoidCosmosHALKeyEventset_ModifiersSystemConsoleModifiers', ID = '1295'
Method 'SystemVoidCosmosHALKeyEventset_TypeCosmosHALKeyEventKeyEventType', ID = '1296'
Method 'SystemInt32SystemCollectionsGenericList1CosmosHALKeyMappingget_Count', ID = '1297'
Method 'CosmosHALKeyMappingSystemCollectionsGenericList1CosmosHALKeyMappingget_ItemSystemInt32', ID = '1298'
Method 'SystemVoidCosmosHALKeyEventset_KeyCharSystemChar', ID = '1299'
Method 'SystemVoidCosmosHALKeyEventset_KeyCosmosHALConsoleKeyEx', ID = '1300'
Method 'SystemVoidSystemCollectionsGenericQueue1CosmosHALKeyEventSetCapacitySystemInt32', ID = '1301'
